
user_user
user_user_usergroup
user_usergroup
script_script
scheduler_job
scheduler_scheduler
scheduler_log
scheduler_status
application_application
application_project
application_application
application_project
application_application
application_project
backup_backup
user_user
user_user_usergroup
user_usergroup
application_application
application_project
script_script
scheduler_job
scheduler_scheduler
scheduler_log
scheduler_status
mail_attachment
mail_inline_image
mail_queue
mail_mail_server